<?xml version="1.0" encoding="UTF-8"?>
<!-- Generated by org.testng.reporters.JUnitReportReporter -->
<testsuite skipped="0" hostname="LAPTOP-KIO74HEK" name="helloWorld.helloWorld" tests="1" failures="0" timestamp="2020-10-10T12:14:56 EDT" time="0.013" errors="0">
  <testcase name="display" time="0.013" classname="helloWorld.helloWorld"/>
  <system-out/>
</testsuite> <!-- helloWorld.helloWorld -->
